Start testing: Mar 24 17:19 KST
----------------------------------------------------------
1/1 Testing: HelloTest.BasicAssertions
1/1 Test: HelloTest.BasicAssertions
Command: "/Users/sooyokim/42seoul/ft_webserv/tdd/build/aa" "--gtest_filter=HelloTest.BasicAssertions" "--gtest_also_run_disabled_tests"
Directory: /Users/sooyokim/42seoul/ft_webserv/tdd/build
"HelloTest.BasicAssertions" start time: Mar 24 17:19 KST
Output:
----------------------------------------------------------
Running main() from /Users/sooyokim/42seoul/ft_webserv/tdd/build/_deps/googletest-src/googletest/src/gtest_main.cc
Note: Google Test filter = HelloTest.BasicAssertions
[==========] Running 1 test from 1 test suite.
[----------] Global test environment set-up.
[----------] 1 test from HelloTest
[ RUN      ] HelloTest.BasicAssertions
/Users/sooyokim/42seoul/ft_webserv/tdd/test.cpp:9: Failure
Expected equality of these values:
  3 + 6
    Which is: 9
  sum(7,6)
    Which is: 13
[  FAILED  ] HelloTest.BasicAssertions (0 ms)
[----------] 1 test from HelloTest (0 ms total)

[----------] Global test environment tear-down
[==========] 1 test from 1 test suite ran. (0 ms total)
[  PASSED  ] 0 tests.
[  FAILED  ] 1 test, listed below:
[  FAILED  ] HelloTest.BasicAssertions

 1 FAILED TEST
<end of output>
Test time =   0.00 sec
----------------------------------------------------------
Test Failed.
"HelloTest.BasicAssertions" end time: Mar 24 17:19 KST
"HelloTest.BasicAssertions" time elapsed: 00:00:00
----------------------------------------------------------

End testing: Mar 24 17:19 KST
